2026-04-12 21:13:46 run_24x7 ishga tushdi. Papka: C:\Users\Acer\Desktop\SIDE
2026-04-12 21:13:46 python ishga tushmoqda: C:\Users\Acer\AppData\Local\Programs\Python\Launcher\py.exe -3 bot.py
2026-04-12 21:13:49 python tugadi. chiqish kodi: 101
2026-04-12 21:13:59 python ishga tushmoqda: C:\Users\Acer\AppData\Local\Programs\Python\Launcher\py.exe -3 bot.py
2026-04-12 21:14:00 python tugadi. chiqish kodi: 101
2026-04-12 21:14:10 python ishga tushmoqda: C:\Users\Acer\AppData\Local\Programs\Python\Launcher\py.exe -3 bot.py
2026-04-12 21:14:11 python tugadi. chiqish kodi: 101
2026-04-12 21:14:21 python ishga tushmoqda: C:\Users\Acer\AppData\Local\Programs\Python\Launcher\py.exe -3 bot.py
2026-04-12 21:14:23 python tugadi. chiqish kodi: 101
2026-04-12 21:14:33 python ishga tushmoqda: C:\Users\Acer\AppData\Local\Programs\Python\Launcher\py.exe -3 bot.py
2026-04-12 21:14:34 python tugadi. chiqish kodi: 101
2026-04-12 21:14:39 run_24x7 ishga tushdi. Papka: C:\Users\Acer\Desktop\SIDE
2026-04-12 21:14:40 python ishga tushmoqda: C:\Users\Acer\AppData\Local\Programs\Python\Python311\python.exe  bot.py
2026-04-12 21:14:44 python ishga tushmoqda: C:\Users\Acer\AppData\Local\Programs\Python\Launcher\py.exe -3 bot.py
2026-04-12 21:14:46 python tugadi. chiqish kodi: 101
2026-04-12 21:14:57 python ishga tushmoqda: C:\Users\Acer\AppData\Local\Programs\Python\Launcher\py.exe -3 bot.py
2026-04-12 21:14:58 python tugadi. chiqish kodi: 101
2026-04-12 21:15:08 python ishga tushmoqda: C:\Users\Acer\AppData\Local\Programs\Python\Launcher\py.exe -3 bot.py
2026-04-12 21:15:09 python tugadi. chiqish kodi: 101
2026-04-12 21:15:19 python ishga tushmoqda: C:\Users\Acer\AppData\Local\Programs\Python\Launcher\py.exe -3 bot.py
2026-04-12 21:15:20 python tugadi. chiqish kodi: 101
2026-04-12 21:15:30 python ishga tushmoqda: C:\Users\Acer\AppData\Local\Programs\Python\Launcher\py.exe -3 bot.py
2026-04-12 21:15:31 python tugadi. chiqish kodi: 101
2026-04-12 21:15:41 python ishga tushmoqda: C:\Users\Acer\AppData\Local\Programs\Python\Launcher\py.exe -3 bot.py
2026-04-12 21:15:42 python tugadi. chiqish kodi: 101
2026-04-12 21:15:52 python ishga tushmoqda: C:\Users\Acer\AppData\Local\Programs\Python\Launcher\py.exe -3 bot.py
2026-04-12 21:15:55 python tugadi. chiqish kodi: 101
2026-04-12 21:16:05 python ishga tushmoqda: C:\Users\Acer\AppData\Local\Programs\Python\Launcher\py.exe -3 bot.py
2026-04-12 21:16:06 python tugadi. chiqish kodi: 101
2026-04-12 21:16:16 python ishga tushmoqda: C:\Users\Acer\AppData\Local\Programs\Python\Launcher\py.exe -3 bot.py
2026-04-12 21:16:17 python tugadi. chiqish kodi: 101
2026-04-12 21:16:22 python tugadi. chiqish kodi: -1
2026-04-12 21:16:25 run_24x7 ishga tushdi. Papka: C:\Users\Acer\Desktop\SIDE
2026-04-12 21:16:25 python ishga tushmoqda: C:\Users\Acer\AppData\Local\Programs\Python\Python311\python.exe  bot.py
2026-04-12 21:16:27 python ishga tushmoqda: C:\Users\Acer\AppData\Local\Programs\Python\Launcher\py.exe -3 bot.py
2026-04-12 21:16:28 python tugadi. chiqish kodi: 101
2026-04-12 21:16:32 python ishga tushmoqda: C:\Users\Acer\AppData\Local\Programs\Python\Python311\python.exe  bot.py
2026-04-12 21:16:38 python ishga tushmoqda: C:\Users\Acer\AppData\Local\Programs\Python\Launcher\py.exe -3 bot.py
2026-04-12 21:16:41 python tugadi. chiqish kodi: 101
2026-04-12 21:16:51 python ishga tushmoqda: C:\Users\Acer\AppData\Local\Programs\Python\Launcher\py.exe -3 bot.py
2026-04-12 21:16:52 python tugadi. chiqish kodi: 101
2026-04-12 21:17:02 python ishga tushmoqda: C:\Users\Acer\AppData\Local\Programs\Python\Launcher\py.exe -3 bot.py
2026-04-12 21:17:03 python tugadi. chiqish kodi: 101
2026-04-12 21:17:13 python ishga tushmoqda: C:\Users\Acer\AppData\Local\Programs\Python\Launcher\py.exe -3 bot.py
2026-04-12 21:17:14 python tugadi. chiqish kodi: 101
2026-04-12 21:17:24 python ishga tushmoqda: C:\Users\Acer\AppData\Local\Programs\Python\Launcher\py.exe -3 bot.py
2026-04-12 21:17:25 python tugadi. chiqish kodi: 101
2026-04-12 21:17:35 python ishga tushmoqda: C:\Users\Acer\AppData\Local\Programs\Python\Launcher\py.exe -3 bot.py
2026-04-12 21:17:36 python tugadi. chiqish kodi: 101
2026-04-12 21:17:46 python ishga tushmoqda: C:\Users\Acer\AppData\Local\Programs\Python\Launcher\py.exe -3 bot.py
2026-04-12 21:17:47 python tugadi. chiqish kodi: 101
2026-04-12 21:17:57 python ishga tushmoqda: C:\Users\Acer\AppData\Local\Programs\Python\Launcher\py.exe -3 bot.py
2026-04-12 21:17:58 python tugadi. chiqish kodi: 101
2026-04-12 21:18:08 python ishga tushmoqda: C:\Users\Acer\AppData\Local\Programs\Python\Launcher\py.exe -3 bot.py
2026-04-12 21:18:09 python tugadi. chiqish kodi: 101
2026-04-12 21:18:19 python ishga tushmoqda: C:\Users\Acer\AppData\Local\Programs\Python\Launcher\py.exe -3 bot.py
2026-04-12 21:18:20 python tugadi. chiqish kodi: 101
2026-04-12 21:18:30 python ishga tushmoqda: C:\Users\Acer\AppData\Local\Programs\Python\Launcher\py.exe -3 bot.py
2026-04-12 21:18:31 python tugadi. chiqish kodi: 101
2026-04-12 21:18:41 python ishga tushmoqda: C:\Users\Acer\AppData\Local\Programs\Python\Launcher\py.exe -3 bot.py
2026-04-12 21:18:42 python tugadi. chiqish kodi: 101
2026-04-12 21:18:52 python ishga tushmoqda: C:\Users\Acer\AppData\Local\Programs\Python\Launcher\py.exe -3 bot.py
2026-04-12 21:18:53 python tugadi. chiqish kodi: 101
2026-04-12 21:19:03 python ishga tushmoqda: C:\Users\Acer\AppData\Local\Programs\Python\Launcher\py.exe -3 bot.py
2026-04-12 21:19:04 python tugadi. chiqish kodi: 101
2026-04-12 21:19:14 python ishga tushmoqda: C:\Users\Acer\AppData\Local\Programs\Python\Launcher\py.exe -3 bot.py
2026-04-12 21:19:15 python tugadi. chiqish kodi: 101
2026-04-12 21:19:25 python ishga tushmoqda: C:\Users\Acer\AppData\Local\Programs\Python\Launcher\py.exe -3 bot.py
2026-04-12 21:19:26 python tugadi. chiqish kodi: 101
2026-04-12 21:19:36 python ishga tushmoqda: C:\Users\Acer\AppData\Local\Programs\Python\Launcher\py.exe -3 bot.py
2026-04-12 21:19:37 python tugadi. chiqish kodi: 101
2026-04-12 21:19:48 python ishga tushmoqda: C:\Users\Acer\AppData\Local\Programs\Python\Launcher\py.exe -3 bot.py
2026-04-12 21:19:49 python tugadi. chiqish kodi: 101
2026-04-12 21:19:59 python ishga tushmoqda: C:\Users\Acer\AppData\Local\Programs\Python\Launcher\py.exe -3 bot.py
2026-04-12 21:20:00 python tugadi. chiqish kodi: 101
2026-04-12 21:20:10 python ishga tushmoqda: C:\Users\Acer\AppData\Local\Programs\Python\Launcher\py.exe -3 bot.py
2026-04-12 21:20:11 python tugadi. chiqish kodi: 101
2026-04-12 21:20:21 python ishga tushmoqda: C:\Users\Acer\AppData\Local\Programs\Python\Launcher\py.exe -3 bot.py
2026-04-12 21:20:22 python tugadi. chiqish kodi: 101
2026-04-12 21:20:32 python ishga tushmoqda: C:\Users\Acer\AppData\Local\Programs\Python\Launcher\py.exe -3 bot.py
2026-04-12 21:20:33 python tugadi. chiqish kodi: 101
2026-04-12 21:20:43 python ishga tushmoqda: C:\Users\Acer\AppData\Local\Programs\Python\Launcher\py.exe -3 bot.py
2026-04-12 21:20:44 python tugadi. chiqish kodi: 101
2026-04-12 21:20:54 python ishga tushmoqda: C:\Users\Acer\AppData\Local\Programs\Python\Launcher\py.exe -3 bot.py
2026-04-12 21:20:55 python tugadi. chiqish kodi: 101
2026-04-12 21:21:05 python ishga tushmoqda: C:\Users\Acer\AppData\Local\Programs\Python\Launcher\py.exe -3 bot.py
2026-04-12 21:21:06 python tugadi. chiqish kodi: 101
2026-04-12 21:21:16 python ishga tushmoqda: C:\Users\Acer\AppData\Local\Programs\Python\Launcher\py.exe -3 bot.py
2026-04-12 21:21:17 python tugadi. chiqish kodi: 101
2026-04-12 21:21:27 python ishga tushmoqda: C:\Users\Acer\AppData\Local\Programs\Python\Launcher\py.exe -3 bot.py
2026-04-12 21:21:28 python tugadi. chiqish kodi: 101
2026-04-12 21:21:38 python ishga tushmoqda: C:\Users\Acer\AppData\Local\Programs\Python\Launcher\py.exe -3 bot.py
2026-04-12 21:21:39 python tugadi. chiqish kodi: 101
2026-04-12 21:21:49 python ishga tushmoqda: C:\Users\Acer\AppData\Local\Programs\Python\Launcher\py.exe -3 bot.py
2026-04-12 21:21:50 python tugadi. chiqish kodi: 101
2026-04-12 21:22:00 python ishga tushmoqda: C:\Users\Acer\AppData\Local\Programs\Python\Launcher\py.exe -3 bot.py
2026-04-12 21:22:01 python tugadi. chiqish kodi: 101
2026-04-12 21:22:07 python tugadi. chiqish kodi: -1
2026-04-12 21:22:08 python tugadi. chiqish kodi: -1
